p/rostro_299.jpg 1 0 0 150 200
p/rostro_298.jpg 1 0 0 150 200
p/rostro_297.jpg 1 0 0 150 200
p/rostro_296.jpg 1 0 0 150 200
p/rostro_295.jpg 1 0 0 150 200
p/rostro_294.jpg 1 0 0 150 200
p/rostro_293.jpg 1 0 0 150 200
p/rostro_292.jpg 1 0 0 150 200
p/rostro_291.jpg 1 0 0 150 200
p/rostro_290.jpg 1 0 0 150 200
p/rostro_289.jpg 1 0 0 150 200
p/rostro_288.jpg 1 0 0 150 200
p/rostro_287.jpg 1 0 0 150 200
p/rostro_286.jpg 1 0 0 150 200
p/rostro_285.jpg 1 0 0 150 200
p/rostro_284.jpg 1 0 0 150 200
p/rostro_283.jpg 1 0 0 150 200
p/rostro_282.jpg 1 0 0 150 200
p/rostro_281.jpg 1 0 0 150 200
p/rostro_280.jpg 1 0 0 150 200
p/rostro_279.jpg 1 0 0 150 200
p/rostro_278.jpg 1 0 0 150 200
p/rostro_277.jpg 1 0 0 150 200
p/rostro_276.jpg 1 0 0 150 200
p/rostro_275.jpg 1 0 0 150 200
p/rostro_274.jpg 1 0 0 150 200
p/rostro_273.jpg 1 0 0 150 200
p/rostro_272.jpg 1 0 0 150 200
p/rostro_271.jpg 1 0 0 150 200
p/rostro_270.jpg 1 0 0 150 200
p/rostro_269.jpg 1 0 0 150 200
p/rostro_268.jpg 1 0 0 150 200
p/rostro_267.jpg 1 0 0 150 200
p/rostro_266.jpg 1 0 0 150 200
p/rostro_265.jpg 1 0 0 150 200
p/rostro_264.jpg 1 0 0 150 200
p/rostro_263.jpg 1 0 0 150 200
p/rostro_262.jpg 1 0 0 150 200
p/rostro_261.jpg 1 0 0 150 200
p/rostro_260.jpg 1 0 0 150 200
p/rostro_259.jpg 1 0 0 150 200
p/rostro_258.jpg 1 0 0 150 200
p/rostro_257.jpg 1 0 0 150 200
p/rostro_256.jpg 1 0 0 150 200
p/rostro_255.jpg 1 0 0 150 200
p/rostro_254.jpg 1 0 0 150 200
p/rostro_253.jpg 1 0 0 150 200
p/rostro_252.jpg 1 0 0 150 200
p/rostro_251.jpg 1 0 0 150 200
p/rostro_250.jpg 1 0 0 150 200
p/rostro_249.jpg 1 0 0 150 200
p/rostro_248.jpg 1 0 0 150 200
p/rostro_247.jpg 1 0 0 150 200
p/rostro_246.jpg 1 0 0 150 200
p/rostro_245.jpg 1 0 0 150 200
p/rostro_244.jpg 1 0 0 150 200
p/rostro_243.jpg 1 0 0 150 200
p/rostro_242.jpg 1 0 0 150 200
p/rostro_241.jpg 1 0 0 150 200
p/rostro_240.jpg 1 0 0 150 200
p/rostro_239.jpg 1 0 0 150 200
p/rostro_238.jpg 1 0 0 150 200
p/rostro_237.jpg 1 0 0 150 200
p/rostro_236.jpg 1 0 0 150 200
p/rostro_235.jpg 1 0 0 150 200
p/rostro_234.jpg 1 0 0 150 200
p/rostro_233.jpg 1 0 0 150 200
p/rostro_232.jpg 1 0 0 150 200
p/rostro_231.jpg 1 0 0 150 200
p/rostro_230.jpg 1 0 0 150 200
p/rostro_229.jpg 1 0 0 150 200
p/rostro_228.jpg 1 0 0 150 200
p/rostro_227.jpg 1 0 0 150 200
p/rostro_226.jpg 1 0 0 150 200
p/rostro_225.jpg 1 0 0 150 200
p/rostro_224.jpg 1 0 0 150 200
p/rostro_223.jpg 1 0 0 150 200
p/rostro_222.jpg 1 0 0 150 200
p/rostro_221.jpg 1 0 0 150 200
p/rostro_220.jpg 1 0 0 150 200
p/rostro_219.jpg 1 0 0 150 200
p/rostro_218.jpg 1 0 0 150 200
p/rostro_217.jpg 1 0 0 150 200
p/rostro_216.jpg 1 0 0 150 200
p/rostro_215.jpg 1 0 0 150 200
p/rostro_214.jpg 1 0 0 150 200
p/rostro_213.jpg 1 0 0 150 200
p/rostro_212.jpg 1 0 0 150 200
p/rostro_211.jpg 1 0 0 150 200
p/rostro_210.jpg 1 0 0 150 200
p/rostro_209.jpg 1 0 0 150 200
p/rostro_208.jpg 1 0 0 150 200
p/rostro_207.jpg 1 0 0 150 200
p/rostro_206.jpg 1 0 0 150 200
p/rostro_205.jpg 1 0 0 150 200
p/rostro_204.jpg 1 0 0 150 200
p/rostro_203.jpg 1 0 0 150 200
p/rostro_202.jpg 1 0 0 150 200
p/rostro_201.jpg 1 0 0 150 200
p/rostro_200.jpg 1 0 0 150 200
p/rostro_199.jpg 1 0 0 150 200
p/rostro_198.jpg 1 0 0 150 200
p/rostro_197.jpg 1 0 0 150 200
p/rostro_196.jpg 1 0 0 150 200
p/rostro_195.jpg 1 0 0 150 200
p/rostro_194.jpg 1 0 0 150 200
p/rostro_193.jpg 1 0 0 150 200
p/rostro_192.jpg 1 0 0 150 200
p/rostro_191.jpg 1 0 0 150 200
p/rostro_190.jpg 1 0 0 150 200
p/rostro_189.jpg 1 0 0 150 200
p/rostro_188.jpg 1 0 0 150 200
p/rostro_187.jpg 1 0 0 150 200
p/rostro_186.jpg 1 0 0 150 200
p/rostro_185.jpg 1 0 0 150 200
p/rostro_184.jpg 1 0 0 150 200
p/rostro_183.jpg 1 0 0 150 200
p/rostro_182.jpg 1 0 0 150 200
p/rostro_181.jpg 1 0 0 150 200
p/rostro_180.jpg 1 0 0 150 200
p/rostro_179.jpg 1 0 0 150 200
p/rostro_178.jpg 1 0 0 150 200
p/rostro_177.jpg 1 0 0 150 200
p/rostro_176.jpg 1 0 0 150 200
p/rostro_175.jpg 1 0 0 150 200
p/rostro_174.jpg 1 0 0 150 200
p/rostro_173.jpg 1 0 0 150 200
p/rostro_172.jpg 1 0 0 150 200
p/rostro_171.jpg 1 0 0 150 200
p/rostro_170.jpg 1 0 0 150 200
p/rostro_169.jpg 1 0 0 150 200
p/rostro_168.jpg 1 0 0 150 200
p/rostro_167.jpg 1 0 0 150 200
p/rostro_166.jpg 1 0 0 150 200
p/rostro_165.jpg 1 0 0 150 200
p/rostro_164.jpg 1 0 0 150 200
p/rostro_163.jpg 1 0 0 150 200
p/rostro_162.jpg 1 0 0 150 200
p/rostro_161.jpg 1 0 0 150 200
p/rostro_160.jpg 1 0 0 150 200
p/rostro_159.jpg 1 0 0 150 200
p/rostro_158.jpg 1 0 0 150 200
p/rostro_157.jpg 1 0 0 150 200
p/rostro_156.jpg 1 0 0 150 200
p/rostro_155.jpg 1 0 0 150 200
p/rostro_154.jpg 1 0 0 150 200
p/rostro_153.jpg 1 0 0 150 200
p/rostro_152.jpg 1 0 0 150 200
p/rostro_151.jpg 1 0 0 150 200
p/rostro_150.jpg 1 0 0 150 200
p/rostro_149.jpg 1 0 0 150 200
p/rostro_148.jpg 1 0 0 150 200
p/rostro_147.jpg 1 0 0 150 200
p/rostro_146.jpg 1 0 0 150 200
p/rostro_145.jpg 1 0 0 150 200
p/rostro_144.jpg 1 0 0 150 200
p/rostro_143.jpg 1 0 0 150 200
p/rostro_142.jpg 1 0 0 150 200
p/rostro_141.jpg 1 0 0 150 200
p/rostro_140.jpg 1 0 0 150 200
p/rostro_139.jpg 1 0 0 150 200
p/rostro_138.jpg 1 0 0 150 200
p/rostro_137.jpg 1 0 0 150 200
p/rostro_136.jpg 1 0 0 150 200
p/rostro_135.jpg 1 0 0 150 200
p/rostro_134.jpg 1 0 0 150 200
p/rostro_133.jpg 1 0 0 150 200
p/rostro_132.jpg 1 0 0 150 200
p/rostro_131.jpg 1 0 0 150 200
p/rostro_130.jpg 1 0 0 150 200
p/rostro_129.jpg 1 0 0 150 200
p/rostro_128.jpg 1 0 0 150 200
p/rostro_127.jpg 1 0 0 150 200
p/rostro_126.jpg 1 0 0 150 200
p/rostro_125.jpg 1 0 0 150 200
p/rostro_124.jpg 1 0 0 150 200
p/rostro_123.jpg 1 0 0 150 200
p/rostro_122.jpg 1 0 0 150 200
p/rostro_121.jpg 1 0 0 150 200
p/rostro_120.jpg 1 0 0 150 200
p/rostro_119.jpg 1 0 0 150 200
p/rostro_118.jpg 1 0 0 150 200
p/rostro_117.jpg 1 0 0 150 200
p/rostro_116.jpg 1 0 0 150 200
p/rostro_115.jpg 1 0 0 150 200
p/rostro_114.jpg 1 0 0 150 200
p/rostro_113.jpg 1 0 0 150 200
p/rostro_112.jpg 1 0 0 150 200
p/rostro_111.jpg 1 0 0 150 200
p/rostro_110.jpg 1 0 0 150 200
p/rostro_109.jpg 1 0 0 150 200
p/rostro_108.jpg 1 0 0 150 200
p/rostro_107.jpg 1 0 0 150 200
p/rostro_106.jpg 1 0 0 150 200
p/rostro_105.jpg 1 0 0 150 200
p/rostro_104.jpg 1 0 0 150 200
p/rostro_103.jpg 1 0 0 150 200
p/rostro_102.jpg 1 0 0 150 200
p/rostro_101.jpg 1 0 0 150 200
p/rostro_100.jpg 1 0 0 150 200
p/rostro_99.jpg 1 0 0 150 200
p/rostro_98.jpg 1 0 0 150 200
p/rostro_97.jpg 1 0 0 150 200
p/rostro_96.jpg 1 0 0 150 200
p/rostro_95.jpg 1 0 0 150 200
p/rostro_94.jpg 1 0 0 150 200
p/rostro_93.jpg 1 0 0 150 200
p/rostro_92.jpg 1 0 0 150 200
p/rostro_91.jpg 1 0 0 150 200
p/rostro_90.jpg 1 0 0 150 200
p/rostro_89.jpg 1 0 0 150 200
p/rostro_88.jpg 1 0 0 150 200
p/rostro_87.jpg 1 0 0 150 200
p/rostro_86.jpg 1 0 0 150 200
p/rostro_85.jpg 1 0 0 150 200
p/rostro_84.jpg 1 0 0 150 200
p/rostro_83.jpg 1 0 0 150 200
p/rostro_82.jpg 1 0 0 150 200
p/rostro_81.jpg 1 0 0 150 200
p/rostro_80.jpg 1 0 0 150 200
p/rostro_79.jpg 1 0 0 150 200
p/rostro_78.jpg 1 0 0 150 200
p/rostro_77.jpg 1 0 0 150 200
p/rostro_76.jpg 1 0 0 150 200
p/rostro_75.jpg 1 0 0 150 200
p/rostro_74.jpg 1 0 0 150 200
p/rostro_73.jpg 1 0 0 150 200
p/rostro_72.jpg 1 0 0 150 200
p/rostro_71.jpg 1 0 0 150 200
p/rostro_70.jpg 1 0 0 150 200
p/rostro_69.jpg 1 0 0 150 200
p/rostro_68.jpg 1 0 0 150 200
p/rostro_67.jpg 1 0 0 150 200
p/rostro_66.jpg 1 0 0 150 200
p/rostro_65.jpg 1 0 0 150 200
p/rostro_64.jpg 1 0 0 150 200
p/rostro_63.jpg 1 0 0 150 200
p/rostro_62.jpg 1 0 0 150 200
p/rostro_61.jpg 1 0 0 150 200
p/rostro_60.jpg 1 0 0 150 200
p/rostro_59.jpg 1 0 0 150 200
p/rostro_58.jpg 1 0 0 150 200
p/rostro_57.jpg 1 0 0 150 200
p/rostro_56.jpg 1 0 0 150 200
p/rostro_55.jpg 1 0 0 150 200
p/rostro_54.jpg 1 0 0 150 200
p/rostro_53.jpg 1 0 0 150 200
p/rostro_52.jpg 1 0 0 150 200
p/rostro_51.jpg 1 0 0 150 200
p/rostro_50.jpg 1 0 0 150 200
p/rostro_49.jpg 1 0 0 150 200
p/rostro_48.jpg 1 0 0 150 200
p/rostro_47.jpg 1 0 0 150 200
p/rostro_46.jpg 1 0 0 150 200
p/rostro_45.jpg 1 0 0 150 200
p/rostro_44.jpg 1 0 0 150 200
p/rostro_43.jpg 1 0 0 150 200
p/rostro_42.jpg 1 0 0 150 200
p/rostro_41.jpg 1 0 0 150 200
p/rostro_40.jpg 1 0 0 150 200
p/rostro_39.jpg 1 0 0 150 200
p/rostro_38.jpg 1 0 0 150 200
p/rostro_37.jpg 1 0 0 150 200
p/rostro_36.jpg 1 0 0 150 200
p/rostro_35.jpg 1 0 0 150 200
p/rostro_34.jpg 1 0 0 150 200
p/rostro_33.jpg 1 0 0 150 200
p/rostro_32.jpg 1 0 0 150 200
p/rostro_31.jpg 1 0 0 150 200
p/rostro_30.jpg 1 0 0 150 200
p/rostro_29.jpg 1 0 0 150 200
p/rostro_28.jpg 1 0 0 150 200
p/rostro_27.jpg 1 0 0 150 200
p/rostro_26.jpg 1 0 0 150 200
p/rostro_25.jpg 1 0 0 150 200
p/rostro_24.jpg 1 0 0 150 200
p/rostro_23.jpg 1 0 0 150 200
p/rostro_22.jpg 1 0 0 150 200
p/rostro_21.jpg 1 0 0 150 200
p/rostro_20.jpg 1 0 0 150 200
p/rostro_19.jpg 1 0 0 150 200
p/rostro_18.jpg 1 0 0 150 200
p/rostro_17.jpg 1 0 0 150 200
p/rostro_16.jpg 1 0 0 150 200
p/rostro_15.jpg 1 0 0 150 200
p/rostro_13.jpg 1 0 0 150 200
p/rostro_14.jpg 1 0 0 150 200
p/rostro_12.jpg 1 0 0 150 200
p/rostro_11.jpg 1 0 0 150 200
p/rostro_10.jpg 1 0 0 150 200
p/rostro_9.jpg 1 0 0 150 200
p/rostro_8.jpg 1 0 0 150 200
p/rostro_7.jpg 1 0 0 150 200
p/rostro_6.jpg 1 0 0 150 200
p/rostro_5.jpg 1 0 0 150 200
p/rostro_4.jpg 1 0 0 150 200
p/rostro_3.jpg 1 0 0 150 200
p/rostro_2.jpg 1 0 0 150 200
p/rostro_1.jpg 1 0 0 150 200
p/rostro_0.jpg 1 0 0 150 200